{"total": {"lines":{"total":6941,"covered":6940,"skipped":0,"pct":99.98},"statements":{"total":6941,"covered":6940,"skipped":0,"pct":99.98},"functions":{"total":442,"covered":437,"skipped":0,"pct":98.86},"branches":{"total":2874,"covered":2724,"skipped":0,"pct":94.78},"branchesTrue":{"total":0,"covered":0,"skipped":0,"pct":100}}
,"/Users/talaatmagdyx/Library/Application Support/Claude/local-agent-mode-sessions/cc48c811-7c36-4663-b2d6-d2da2e1462bf/f4970a9a-50df-46dc-a90a-842ffa68323e/local_95d7bcbd-48ee-42eb-a896-e8de6121d55f/outputs/TupleNest/apps/desktop/src/App.tsx": {"lines":{"total":1351,"covered":1350,"skipped":0,"pct":99.92},"functions":{"total":110,"covered":106,"skipped":0,"pct":96.36},"statements":{"total":1351,"covered":1350,"skipped":0,"pct":99.92},"branches":{"total":523,"covered":471,"skipped":0,"pct":90.05}}
,"/Users/talaatmagdyx/Library/Application Support/Claude/local-agent-mode-sessions/cc48c811-7c36-4663-b2d6-d2da2e1462bf/f4970a9a-50df-46dc-a90a-842ffa68323e/local_95d7bcbd-48ee-42eb-a896-e8de6121d55f/outputs/TupleNest/apps/desktop/src/app-shell/ActivityRail.tsx": {"lines":{"total":43,"covered":43,"skipped":0,"pct":100},"functions":{"total":4,"covered":4,"skipped":0,"pct":100},"statements":{"total":43,"covered":43,"skipped":0,"pct":100},"branches":{"total":9,"covered":9,"skipped":0,"pct":100}}
,"/Users/talaatmagdyx/Library/Application Support/Claude/local-agent-mode-sessions/cc48c811-7c36-4663-b2d6-d2da2e1462bf/f4970a9a-50df-46dc-a90a-842ffa68323e/local_95d7bcbd-48ee-42eb-a896-e8de6121d55f/outputs/TupleNest/apps/desktop/src/app-shell/StatusBar.tsx": {"lines":{"total":32,"covered":32,"skipped":0,"pct":100},"functions":{"total":1,"covered":1,"skipped":0,"pct":100},"statements":{"total":32,"covered":32,"skipped":0,"pct":100},"branches":{"total":20,"covered":20,"skipped":0,"pct":100}}
,"/Users/talaatmagdyx/Library/Application Support/Claude/local-agent-mode-sessions/cc48c811-7c36-4663-b2d6-d2da2e1462bf/f4970a9a-50df-46dc-a90a-842ffa68323e/local_95d7bcbd-48ee-42eb-a896-e8de6121d55f/outputs/TupleNest/apps/desktop/src/app-shell/Titlebar.tsx": {"lines":{"total":72,"covered":72,"skipped":0,"pct":100},"functions":{"total":2,"covered":2,"skipped":0,"pct":100},"statements":{"total":72,"covered":72,"skipped":0,"pct":100},"branches":{"total":25,"covered":25,"skipped":0,"pct":100}}
,"/Users/talaatmagdyx/Library/Application Support/Claude/local-agent-mode-sessions/cc48c811-7c36-4663-b2d6-d2da2e1462bf/f4970a9a-50df-46dc-a90a-842ffa68323e/local_95d7bcbd-48ee-42eb-a896-e8de6121d55f/outputs/TupleNest/apps/desktop/src/connections/ConnectionForm.tsx": {"lines":{"total":190,"covered":190,"skipped":0,"pct":100},"functions":{"total":18,"covered":17,"skipped":0,"pct":94.44},"statements":{"total":190,"covered":190,"skipped":0,"pct":100},"branches":{"total":55,"covered":53,"skipped":0,"pct":96.36}}
,"/Users/talaatmagdyx/Library/Application Support/Claude/local-agent-mode-sessions/cc48c811-7c36-4663-b2d6-d2da2e1462bf/f4970a9a-50df-46dc-a90a-842ffa68323e/local_95d7bcbd-48ee-42eb-a896-e8de6121d55f/outputs/TupleNest/apps/desktop/src/connections/SavedList.tsx": {"lines":{"total":47,"covered":47,"skipped":0,"pct":100},"functions":{"total":3,"covered":3,"skipped":0,"pct":100},"statements":{"total":47,"covered":47,"skipped":0,"pct":100},"branches":{"total":10,"covered":10,"skipped":0,"pct":100}}
,"/Users/talaatmagdyx/Library/Application Support/Claude/local-agent-mode-sessions/cc48c811-7c36-4663-b2d6-d2da2e1462bf/f4970a9a-50df-46dc-a90a-842ffa68323e/local_95d7bcbd-48ee-42eb-a896-e8de6121d55f/outputs/TupleNest/apps/desktop/src/editor/QueryPanel.tsx": {"lines":{"total":205,"covered":205,"skipped":0,"pct":100},"functions":{"total":9,"covered":9,"skipped":0,"pct":100},"statements":{"total":205,"covered":205,"skipped":0,"pct":100},"branches":{"total":78,"covered":73,"skipped":0,"pct":93.58}}
,"/Users/talaatmagdyx/Library/Application Support/Claude/local-agent-mode-sessions/cc48c811-7c36-4663-b2d6-d2da2e1462bf/f4970a9a-50df-46dc-a90a-842ffa68323e/local_95d7bcbd-48ee-42eb-a896-e8de6121d55f/outputs/TupleNest/apps/desktop/src/editor/SqlEditor.tsx": {"lines":{"total":228,"covered":228,"skipped":0,"pct":100},"functions":{"total":10,"covered":10,"skipped":0,"pct":100},"statements":{"total":228,"covered":228,"skipped":0,"pct":100},"branches":{"total":88,"covered":78,"skipped":0,"pct":88.63}}
,"/Users/talaatmagdyx/Library/Application Support/Claude/local-agent-mode-sessions/cc48c811-7c36-4663-b2d6-d2da2e1462bf/f4970a9a-50df-46dc-a90a-842ffa68323e/local_95d7bcbd-48ee-42eb-a896-e8de6121d55f/outputs/TupleNest/apps/desktop/src/editor/TabsBar.tsx": {"lines":{"total":32,"covered":32,"skipped":0,"pct":100},"functions":{"total":4,"covered":4,"skipped":0,"pct":100},"statements":{"total":32,"covered":32,"skipped":0,"pct":100},"branches":{"total":8,"covered":8,"skipped":0,"pct":100}}
,"/Users/talaatmagdyx/Library/Application Support/Claude/local-agent-mode-sessions/cc48c811-7c36-4663-b2d6-d2da2e1462bf/f4970a9a-50df-46dc-a90a-842ffa68323e/local_95d7bcbd-48ee-42eb-a896-e8de6121d55f/outputs/TupleNest/apps/desktop/src/explorer/ExplorerTree.tsx": {"lines":{"total":345,"covered":345,"skipped":0,"pct":100},"functions":{"total":23,"covered":23,"skipped":0,"pct":100},"statements":{"total":345,"covered":345,"skipped":0,"pct":100},"branches":{"total":129,"covered":126,"skipped":0,"pct":97.67}}
,"/Users/talaatmagdyx/Library/Application Support/Claude/local-agent-mode-sessions/cc48c811-7c36-4663-b2d6-d2da2e1462bf/f4970a9a-50df-46dc-a90a-842ffa68323e/local_95d7bcbd-48ee-42eb-a896-e8de6121d55f/outputs/TupleNest/apps/desktop/src/history/HistoryPanel.tsx": {"lines":{"total":53,"covered":53,"skipped":0,"pct":100},"functions":{"total":4,"covered":4,"skipped":0,"pct":100},"statements":{"total":53,"covered":53,"skipped":0,"pct":100},"branches":{"total":22,"covered":22,"skipped":0,"pct":100}}
,"/Users/talaatmagdyx/Library/Application Support/Claude/local-agent-mode-sessions/cc48c811-7c36-4663-b2d6-d2da2e1462bf/f4970a9a-50df-46dc-a90a-842ffa68323e/local_95d7bcbd-48ee-42eb-a896-e8de6121d55f/outputs/TupleNest/apps/desktop/src/hooks/useConnection.ts": {"lines":{"total":119,"covered":119,"skipped":0,"pct":100},"functions":{"total":1,"covered":1,"skipped":0,"pct":100},"statements":{"total":119,"covered":119,"skipped":0,"pct":100},"branches":{"total":31,"covered":30,"skipped":0,"pct":96.77}}
,"/Users/talaatmagdyx/Library/Application Support/Claude/local-agent-mode-sessions/cc48c811-7c36-4663-b2d6-d2da2e1462bf/f4970a9a-50df-46dc-a90a-842ffa68323e/local_95d7bcbd-48ee-42eb-a896-e8de6121d55f/outputs/TupleNest/apps/desktop/src/hooks/useConnectionForm.ts": {"lines":{"total":88,"covered":88,"skipped":0,"pct":100},"functions":{"total":2,"covered":2,"skipped":0,"pct":100},"statements":{"total":88,"covered":88,"skipped":0,"pct":100},"branches":{"total":34,"covered":34,"skipped":0,"pct":100}}
,"/Users/talaatmagdyx/Library/Application Support/Claude/local-agent-mode-sessions/cc48c811-7c36-4663-b2d6-d2da2e1462bf/f4970a9a-50df-46dc-a90a-842ffa68323e/local_95d7bcbd-48ee-42eb-a896-e8de6121d55f/outputs/TupleNest/apps/desktop/src/hooks/useExplain.ts": {"lines":{"total":55,"covered":55,"skipped":0,"pct":100},"functions":{"total":1,"covered":1,"skipped":0,"pct":100},"statements":{"total":55,"covered":55,"skipped":0,"pct":100},"branches":{"total":36,"covered":32,"skipped":0,"pct":88.88}}
,"/Users/talaatmagdyx/Library/Application Support/Claude/local-agent-mode-sessions/cc48c811-7c36-4663-b2d6-d2da2e1462bf/f4970a9a-50df-46dc-a90a-842ffa68323e/local_95d7bcbd-48ee-42eb-a896-e8de6121d55f/outputs/TupleNest/apps/desktop/src/hooks/useExplorerTree.ts": {"lines":{"total":134,"covered":134,"skipped":0,"pct":100},"functions":{"total":2,"covered":2,"skipped":0,"pct":100},"statements":{"total":134,"covered":134,"skipped":0,"pct":100},"branches":{"total":83,"covered":76,"skipped":0,"pct":91.56}}
,"/Users/talaatmagdyx/Library/Application Support/Claude/local-agent-mode-sessions/cc48c811-7c36-4663-b2d6-d2da2e1462bf/f4970a9a-50df-46dc-a90a-842ffa68323e/local_95d7bcbd-48ee-42eb-a896-e8de6121d55f/outputs/TupleNest/apps/desktop/src/hooks/useHealth.ts": {"lines":{"total":37,"covered":37,"skipped":0,"pct":100},"functions":{"total":1,"covered":1,"skipped":0,"pct":100},"statements":{"total":37,"covered":37,"skipped":0,"pct":100},"branches":{"total":13,"covered":13,"skipped":0,"pct":100}}
,"/Users/talaatmagdyx/Library/Application Support/Claude/local-agent-mode-sessions/cc48c811-7c36-4663-b2d6-d2da2e1462bf/f4970a9a-50df-46dc-a90a-842ffa68323e/local_95d7bcbd-48ee-42eb-a896-e8de6121d55f/outputs/TupleNest/apps/desktop/src/hooks/useHistory.ts": {"lines":{"total":46,"covered":46,"skipped":0,"pct":100},"functions":{"total":1,"covered":1,"skipped":0,"pct":100},"statements":{"total":46,"covered":46,"skipped":0,"pct":100},"branches":{"total":14,"covered":14,"skipped":0,"pct":100}}
,"/Users/talaatmagdyx/Library/Application Support/Claude/local-agent-mode-sessions/cc48c811-7c36-4663-b2d6-d2da2e1462bf/f4970a9a-50df-46dc-a90a-842ffa68323e/local_95d7bcbd-48ee-42eb-a896-e8de6121d55f/outputs/TupleNest/apps/desktop/src/hooks/useQuery.ts": {"lines":{"total":55,"covered":55,"skipped":0,"pct":100},"functions":{"total":3,"covered":3,"skipped":0,"pct":100},"statements":{"total":55,"covered":55,"skipped":0,"pct":100},"branches":{"total":30,"covered":29,"skipped":0,"pct":96.66}}
,"/Users/talaatmagdyx/Library/Application Support/Claude/local-agent-mode-sessions/cc48c811-7c36-4663-b2d6-d2da2e1462bf/f4970a9a-50df-46dc-a90a-842ffa68323e/local_95d7bcbd-48ee-42eb-a896-e8de6121d55f/outputs/TupleNest/apps/desktop/src/hooks/useQueryTabs.ts": {"lines":{"total":63,"covered":63,"skipped":0,"pct":100},"functions":{"total":2,"covered":2,"skipped":0,"pct":100},"statements":{"total":63,"covered":63,"skipped":0,"pct":100},"branches":{"total":25,"covered":25,"skipped":0,"pct":100}}
,"/Users/talaatmagdyx/Library/Application Support/Claude/local-agent-mode-sessions/cc48c811-7c36-4663-b2d6-d2da2e1462bf/f4970a9a-50df-46dc-a90a-842ffa68323e/local_95d7bcbd-48ee-42eb-a896-e8de6121d55f/outputs/TupleNest/apps/desktop/src/hooks/useRowEdits.ts": {"lines":{"total":80,"covered":80,"skipped":0,"pct":100},"functions":{"total":1,"covered":1,"skipped":0,"pct":100},"statements":{"total":80,"covered":80,"skipped":0,"pct":100},"branches":{"total":43,"covered":42,"skipped":0,"pct":97.67}}
,"/Users/talaatmagdyx/Library/Application Support/Claude/local-agent-mode-sessions/cc48c811-7c36-4663-b2d6-d2da2e1462bf/f4970a9a-50df-46dc-a90a-842ffa68323e/local_95d7bcbd-48ee-42eb-a896-e8de6121d55f/outputs/TupleNest/apps/desktop/src/hooks/useSearch.ts": {"lines":{"total":38,"covered":38,"skipped":0,"pct":100},"functions":{"total":1,"covered":1,"skipped":0,"pct":100},"statements":{"total":38,"covered":38,"skipped":0,"pct":100},"branches":{"total":14,"covered":14,"skipped":0,"pct":100}}
,"/Users/talaatmagdyx/Library/Application Support/Claude/local-agent-mode-sessions/cc48c811-7c36-4663-b2d6-d2da2e1462bf/f4970a9a-50df-46dc-a90a-842ffa68323e/local_95d7bcbd-48ee-42eb-a896-e8de6121d55f/outputs/TupleNest/apps/desktop/src/hooks/useSnippets.ts": {"lines":{"total":27,"covered":27,"skipped":0,"pct":100},"functions":{"total":2,"covered":2,"skipped":0,"pct":100},"statements":{"total":27,"covered":27,"skipped":0,"pct":100},"branches":{"total":8,"covered":8,"skipped":0,"pct":100}}
,"/Users/talaatmagdyx/Library/Application Support/Claude/local-agent-mode-sessions/cc48c811-7c36-4663-b2d6-d2da2e1462bf/f4970a9a-50df-46dc-a90a-842ffa68323e/local_95d7bcbd-48ee-42eb-a896-e8de6121d55f/outputs/TupleNest/apps/desktop/src/hooks/useTransaction.ts": {"lines":{"total":39,"covered":39,"skipped":0,"pct":100},"functions":{"total":1,"covered":1,"skipped":0,"pct":100},"statements":{"total":39,"covered":39,"skipped":0,"pct":100},"branches":{"total":10,"covered":10,"skipped":0,"pct":100}}
,"/Users/talaatmagdyx/Library/Application Support/Claude/local-agent-mode-sessions/cc48c811-7c36-4663-b2d6-d2da2e1462bf/f4970a9a-50df-46dc-a90a-842ffa68323e/local_95d7bcbd-48ee-42eb-a896-e8de6121d55f/outputs/TupleNest/apps/desktop/src/lib/caret.ts": {"lines":{"total":65,"covered":65,"skipped":0,"pct":100},"functions":{"total":4,"covered":4,"skipped":0,"pct":100},"statements":{"total":65,"covered":65,"skipped":0,"pct":100},"branches":{"total":13,"covered":13,"skipped":0,"pct":100}}
,"/Users/talaatmagdyx/Library/Application Support/Claude/local-agent-mode-sessions/cc48c811-7c36-4663-b2d6-d2da2e1462bf/f4970a9a-50df-46dc-a90a-842ffa68323e/local_95d7bcbd-48ee-42eb-a896-e8de6121d55f/outputs/TupleNest/apps/desktop/src/lib/chart.ts": {"lines":{"total":35,"covered":35,"skipped":0,"pct":100},"functions":{"total":5,"covered":5,"skipped":0,"pct":100},"statements":{"total":35,"covered":35,"skipped":0,"pct":100},"branches":{"total":21,"covered":21,"skipped":0,"pct":100}}
,"/Users/talaatmagdyx/Library/Application Support/Claude/local-agent-mode-sessions/cc48c811-7c36-4663-b2d6-d2da2e1462bf/f4970a9a-50df-46dc-a90a-842ffa68323e/local_95d7bcbd-48ee-42eb-a896-e8de6121d55f/outputs/TupleNest/apps/desktop/src/lib/complete.ts": {"lines":{"total":258,"covered":258,"skipped":0,"pct":100},"functions":{"total":12,"covered":12,"skipped":0,"pct":100},"statements":{"total":258,"covered":258,"skipped":0,"pct":100},"branches":{"total":164,"covered":156,"skipped":0,"pct":95.12}}
,"/Users/talaatmagdyx/Library/Application Support/Claude/local-agent-mode-sessions/cc48c811-7c36-4663-b2d6-d2da2e1462bf/f4970a9a-50df-46dc-a90a-842ffa68323e/local_95d7bcbd-48ee-42eb-a896-e8de6121d55f/outputs/TupleNest/apps/desktop/src/lib/csv.ts": {"lines":{"total":136,"covered":136,"skipped":0,"pct":100},"functions":{"total":13,"covered":13,"skipped":0,"pct":100},"statements":{"total":136,"covered":136,"skipped":0,"pct":100},"branches":{"total":70,"covered":69,"skipped":0,"pct":98.57}}
,"/Users/talaatmagdyx/Library/Application Support/Claude/local-agent-mode-sessions/cc48c811-7c36-4663-b2d6-d2da2e1462bf/f4970a9a-50df-46dc-a90a-842ffa68323e/local_95d7bcbd-48ee-42eb-a896-e8de6121d55f/outputs/TupleNest/apps/desktop/src/lib/dml.ts": {"lines":{"total":147,"covered":147,"skipped":0,"pct":100},"functions":{"total":9,"covered":9,"skipped":0,"pct":100},"statements":{"total":147,"covered":147,"skipped":0,"pct":100},"branches":{"total":89,"covered":87,"skipped":0,"pct":97.75}}
,"/Users/talaatmagdyx/Library/Application Support/Claude/local-agent-mode-sessions/cc48c811-7c36-4663-b2d6-d2da2e1462bf/f4970a9a-50df-46dc-a90a-842ffa68323e/local_95d7bcbd-48ee-42eb-a896-e8de6121d55f/outputs/TupleNest/apps/desktop/src/lib/explain.ts": {"lines":{"total":218,"covered":218,"skipped":0,"pct":100},"functions":{"total":15,"covered":15,"skipped":0,"pct":100},"statements":{"total":218,"covered":218,"skipped":0,"pct":100},"branches":{"total":113,"covered":107,"skipped":0,"pct":94.69}}
,"/Users/talaatmagdyx/Library/Application Support/Claude/local-agent-mode-sessions/cc48c811-7c36-4663-b2d6-d2da2e1462bf/f4970a9a-50df-46dc-a90a-842ffa68323e/local_95d7bcbd-48ee-42eb-a896-e8de6121d55f/outputs/TupleNest/apps/desktop/src/lib/health.ts": {"lines":{"total":44,"covered":44,"skipped":0,"pct":100},"functions":{"total":3,"covered":3,"skipped":0,"pct":100},"statements":{"total":44,"covered":44,"skipped":0,"pct":100},"branches":{"total":18,"covered":18,"skipped":0,"pct":100}}
,"/Users/talaatmagdyx/Library/Application Support/Claude/local-agent-mode-sessions/cc48c811-7c36-4663-b2d6-d2da2e1462bf/f4970a9a-50df-46dc-a90a-842ffa68323e/local_95d7bcbd-48ee-42eb-a896-e8de6121d55f/outputs/TupleNest/apps/desktop/src/lib/icons.tsx": {"lines":{"total":89,"covered":89,"skipped":0,"pct":100},"functions":{"total":12,"covered":12,"skipped":0,"pct":100},"statements":{"total":89,"covered":89,"skipped":0,"pct":100},"branches":{"total":24,"covered":24,"skipped":0,"pct":100}}
,"/Users/talaatmagdyx/Library/Application Support/Claude/local-agent-mode-sessions/cc48c811-7c36-4663-b2d6-d2da2e1462bf/f4970a9a-50df-46dc-a90a-842ffa68323e/local_95d7bcbd-48ee-42eb-a896-e8de6121d55f/outputs/TupleNest/apps/desktop/src/lib/intel.ts": {"lines":{"total":120,"covered":120,"skipped":0,"pct":100},"functions":{"total":9,"covered":9,"skipped":0,"pct":100},"statements":{"total":120,"covered":120,"skipped":0,"pct":100},"branches":{"total":77,"covered":74,"skipped":0,"pct":96.1}}
,"/Users/talaatmagdyx/Library/Application Support/Claude/local-agent-mode-sessions/cc48c811-7c36-4663-b2d6-d2da2e1462bf/f4970a9a-50df-46dc-a90a-842ffa68323e/local_95d7bcbd-48ee-42eb-a896-e8de6121d55f/outputs/TupleNest/apps/desktop/src/lib/nodes.ts": {"lines":{"total":48,"covered":48,"skipped":0,"pct":100},"functions":{"total":3,"covered":3,"skipped":0,"pct":100},"statements":{"total":48,"covered":48,"skipped":0,"pct":100},"branches":{"total":49,"covered":48,"skipped":0,"pct":97.95}}
,"/Users/talaatmagdyx/Library/Application Support/Claude/local-agent-mode-sessions/cc48c811-7c36-4663-b2d6-d2da2e1462bf/f4970a9a-50df-46dc-a90a-842ffa68323e/local_95d7bcbd-48ee-42eb-a896-e8de6121d55f/outputs/TupleNest/apps/desktop/src/lib/partitions.ts": {"lines":{"total":45,"covered":45,"skipped":0,"pct":100},"functions":{"total":5,"covered":5,"skipped":0,"pct":100},"statements":{"total":45,"covered":45,"skipped":0,"pct":100},"branches":{"total":21,"covered":20,"skipped":0,"pct":95.23}}
,"/Users/talaatmagdyx/Library/Application Support/Claude/local-agent-mode-sessions/cc48c811-7c36-4663-b2d6-d2da2e1462bf/f4970a9a-50df-46dc-a90a-842ffa68323e/local_95d7bcbd-48ee-42eb-a896-e8de6121d55f/outputs/TupleNest/apps/desktop/src/lib/platform.ts": {"lines":{"total":26,"covered":26,"skipped":0,"pct":100},"functions":{"total":8,"covered":8,"skipped":0,"pct":100},"statements":{"total":26,"covered":26,"skipped":0,"pct":100},"branches":{"total":29,"covered":27,"skipped":0,"pct":93.1}}
,"/Users/talaatmagdyx/Library/Application Support/Claude/local-agent-mode-sessions/cc48c811-7c36-4663-b2d6-d2da2e1462bf/f4970a9a-50df-46dc-a90a-842ffa68323e/local_95d7bcbd-48ee-42eb-a896-e8de6121d55f/outputs/TupleNest/apps/desktop/src/lib/save.ts": {"lines":{"total":20,"covered":20,"skipped":0,"pct":100},"functions":{"total":2,"covered":2,"skipped":0,"pct":100},"statements":{"total":20,"covered":20,"skipped":0,"pct":100},"branches":{"total":11,"covered":11,"skipped":0,"pct":100}}
,"/Users/talaatmagdyx/Library/Application Support/Claude/local-agent-mode-sessions/cc48c811-7c36-4663-b2d6-d2da2e1462bf/f4970a9a-50df-46dc-a90a-842ffa68323e/local_95d7bcbd-48ee-42eb-a896-e8de6121d55f/outputs/TupleNest/apps/desktop/src/lib/sql.tsx": {"lines":{"total":121,"covered":121,"skipped":0,"pct":100},"functions":{"total":15,"covered":15,"skipped":0,"pct":100},"statements":{"total":121,"covered":121,"skipped":0,"pct":100},"branches":{"total":78,"covered":77,"skipped":0,"pct":98.71}}
,"/Users/talaatmagdyx/Library/Application Support/Claude/local-agent-mode-sessions/cc48c811-7c36-4663-b2d6-d2da2e1462bf/f4970a9a-50df-46dc-a90a-842ffa68323e/local_95d7bcbd-48ee-42eb-a896-e8de6121d55f/outputs/TupleNest/apps/desktop/src/lib/text.ts": {"lines":{"total":18,"covered":18,"skipped":0,"pct":100},"functions":{"total":4,"covered":4,"skipped":0,"pct":100},"statements":{"total":18,"covered":18,"skipped":0,"pct":100},"branches":{"total":32,"covered":32,"skipped":0,"pct":100}}
,"/Users/talaatmagdyx/Library/Application Support/Claude/local-agent-mode-sessions/cc48c811-7c36-4663-b2d6-d2da2e1462bf/f4970a9a-50df-46dc-a90a-842ffa68323e/local_95d7bcbd-48ee-42eb-a896-e8de6121d55f/outputs/TupleNest/apps/desktop/src/overlays/AuditModal.tsx": {"lines":{"total":46,"covered":46,"skipped":0,"pct":100},"functions":{"total":1,"covered":1,"skipped":0,"pct":100},"statements":{"total":46,"covered":46,"skipped":0,"pct":100},"branches":{"total":10,"covered":10,"skipped":0,"pct":100}}
,"/Users/talaatmagdyx/Library/Application Support/Claude/local-agent-mode-sessions/cc48c811-7c36-4663-b2d6-d2da2e1462bf/f4970a9a-50df-46dc-a90a-842ffa68323e/local_95d7bcbd-48ee-42eb-a896-e8de6121d55f/outputs/TupleNest/apps/desktop/src/overlays/DetailsModal.tsx": {"lines":{"total":50,"covered":50,"skipped":0,"pct":100},"functions":{"total":3,"covered":3,"skipped":0,"pct":100},"statements":{"total":50,"covered":50,"skipped":0,"pct":100},"branches":{"total":22,"covered":22,"skipped":0,"pct":100}}
,"/Users/talaatmagdyx/Library/Application Support/Claude/local-agent-mode-sessions/cc48c811-7c36-4663-b2d6-d2da2e1462bf/f4970a9a-50df-46dc-a90a-842ffa68323e/local_95d7bcbd-48ee-42eb-a896-e8de6121d55f/outputs/TupleNest/apps/desktop/src/overlays/DiagramModal.tsx": {"lines":{"total":115,"covered":115,"skipped":0,"pct":100},"functions":{"total":1,"covered":1,"skipped":0,"pct":100},"statements":{"total":115,"covered":115,"skipped":0,"pct":100},"branches":{"total":22,"covered":22,"skipped":0,"pct":100}}
,"/Users/talaatmagdyx/Library/Application Support/Claude/local-agent-mode-sessions/cc48c811-7c36-4663-b2d6-d2da2e1462bf/f4970a9a-50df-46dc-a90a-842ffa68323e/local_95d7bcbd-48ee-42eb-a896-e8de6121d55f/outputs/TupleNest/apps/desktop/src/overlays/EditReviewModal.tsx": {"lines":{"total":45,"covered":45,"skipped":0,"pct":100},"functions":{"total":2,"covered":2,"skipped":0,"pct":100},"statements":{"total":45,"covered":45,"skipped":0,"pct":100},"branches":{"total":16,"covered":16,"skipped":0,"pct":100}}
,"/Users/talaatmagdyx/Library/Application Support/Claude/local-agent-mode-sessions/cc48c811-7c36-4663-b2d6-d2da2e1462bf/f4970a9a-50df-46dc-a90a-842ffa68323e/local_95d7bcbd-48ee-42eb-a896-e8de6121d55f/outputs/TupleNest/apps/desktop/src/overlays/ExplainModal.tsx": {"lines":{"total":153,"covered":153,"skipped":0,"pct":100},"functions":{"total":11,"covered":11,"skipped":0,"pct":100},"statements":{"total":153,"covered":153,"skipped":0,"pct":100},"branches":{"total":62,"covered":58,"skipped":0,"pct":93.54}}
,"/Users/talaatmagdyx/Library/Application Support/Claude/local-agent-mode-sessions/cc48c811-7c36-4663-b2d6-d2da2e1462bf/f4970a9a-50df-46dc-a90a-842ffa68323e/local_95d7bcbd-48ee-42eb-a896-e8de6121d55f/outputs/TupleNest/apps/desktop/src/overlays/HealthModal.tsx": {"lines":{"total":168,"covered":168,"skipped":0,"pct":100},"functions":{"total":8,"covered":8,"skipped":0,"pct":100},"statements":{"total":168,"covered":168,"skipped":0,"pct":100},"branches":{"total":64,"covered":63,"skipped":0,"pct":98.43}}
,"/Users/talaatmagdyx/Library/Application Support/Claude/local-agent-mode-sessions/cc48c811-7c36-4663-b2d6-d2da2e1462bf/f4970a9a-50df-46dc-a90a-842ffa68323e/local_95d7bcbd-48ee-42eb-a896-e8de6121d55f/outputs/TupleNest/apps/desktop/src/overlays/ImportModal.tsx": {"lines":{"total":216,"covered":216,"skipped":0,"pct":100},"functions":{"total":12,"covered":12,"skipped":0,"pct":100},"statements":{"total":216,"covered":216,"skipped":0,"pct":100},"branches":{"total":57,"covered":54,"skipped":0,"pct":94.73}}
,"/Users/talaatmagdyx/Library/Application Support/Claude/local-agent-mode-sessions/cc48c811-7c36-4663-b2d6-d2da2e1462bf/f4970a9a-50df-46dc-a90a-842ffa68323e/local_95d7bcbd-48ee-42eb-a896-e8de6121d55f/outputs/TupleNest/apps/desktop/src/overlays/IntelModal.tsx": {"lines":{"total":221,"covered":221,"skipped":0,"pct":100},"functions":{"total":14,"covered":14,"skipped":0,"pct":100},"statements":{"total":221,"covered":221,"skipped":0,"pct":100},"branches":{"total":99,"covered":86,"skipped":0,"pct":86.86}}
,"/Users/talaatmagdyx/Library/Application Support/Claude/local-agent-mode-sessions/cc48c811-7c36-4663-b2d6-d2da2e1462bf/f4970a9a-50df-46dc-a90a-842ffa68323e/local_95d7bcbd-48ee-42eb-a896-e8de6121d55f/outputs/TupleNest/apps/desktop/src/overlays/MonitorModal.tsx": {"lines":{"total":209,"covered":209,"skipped":0,"pct":100},"functions":{"total":11,"covered":11,"skipped":0,"pct":100},"statements":{"total":209,"covered":209,"skipped":0,"pct":100},"branches":{"total":69,"covered":65,"skipped":0,"pct":94.2}}
,"/Users/talaatmagdyx/Library/Application Support/Claude/local-agent-mode-sessions/cc48c811-7c36-4663-b2d6-d2da2e1462bf/f4970a9a-50df-46dc-a90a-842ffa68323e/local_95d7bcbd-48ee-42eb-a896-e8de6121d55f/outputs/TupleNest/apps/desktop/src/overlays/Overlays.tsx": {"lines":{"total":409,"covered":409,"skipped":0,"pct":100},"functions":{"total":28,"covered":28,"skipped":0,"pct":100},"statements":{"total":409,"covered":409,"skipped":0,"pct":100},"branches":{"total":81,"covered":80,"skipped":0,"pct":98.76}}
,"/Users/talaatmagdyx/Library/Application Support/Claude/local-agent-mode-sessions/cc48c811-7c36-4663-b2d6-d2da2e1462bf/f4970a9a-50df-46dc-a90a-842ffa68323e/local_95d7bcbd-48ee-42eb-a896-e8de6121d55f/outputs/TupleNest/apps/desktop/src/overlays/PartitionsModal.tsx": {"lines":{"total":120,"covered":120,"skipped":0,"pct":100},"functions":{"total":4,"covered":4,"skipped":0,"pct":100},"statements":{"total":120,"covered":120,"skipped":0,"pct":100},"branches":{"total":24,"covered":24,"skipped":0,"pct":100}}
,"/Users/talaatmagdyx/Library/Application Support/Claude/local-agent-mode-sessions/cc48c811-7c36-4663-b2d6-d2da2e1462bf/f4970a9a-50df-46dc-a90a-842ffa68323e/local_95d7bcbd-48ee-42eb-a896-e8de6121d55f/outputs/TupleNest/apps/desktop/src/overlays/SchemaModal.tsx": {"lines":{"total":94,"covered":94,"skipped":0,"pct":100},"functions":{"total":1,"covered":1,"skipped":0,"pct":100},"statements":{"total":94,"covered":94,"skipped":0,"pct":100},"branches":{"total":30,"covered":30,"skipped":0,"pct":100}}
,"/Users/talaatmagdyx/Library/Application Support/Claude/local-agent-mode-sessions/cc48c811-7c36-4663-b2d6-d2da2e1462bf/f4970a9a-50df-46dc-a90a-842ffa68323e/local_95d7bcbd-48ee-42eb-a896-e8de6121d55f/outputs/TupleNest/apps/desktop/src/overlays/SearchModal.tsx": {"lines":{"total":84,"covered":84,"skipped":0,"pct":100},"functions":{"total":5,"covered":5,"skipped":0,"pct":100},"statements":{"total":84,"covered":84,"skipped":0,"pct":100},"branches":{"total":34,"covered":33,"skipped":0,"pct":97.05}}
,"/Users/talaatmagdyx/Library/Application Support/Claude/local-agent-mode-sessions/cc48c811-7c36-4663-b2d6-d2da2e1462bf/f4970a9a-50df-46dc-a90a-842ffa68323e/local_95d7bcbd-48ee-42eb-a896-e8de6121d55f/outputs/TupleNest/apps/desktop/src/results/Grid.tsx": {"lines":{"total":242,"covered":242,"skipped":0,"pct":100},"functions":{"total":16,"covered":16,"skipped":0,"pct":100},"statements":{"total":242,"covered":242,"skipped":0,"pct":100},"branches":{"total":167,"covered":155,"skipped":0,"pct":92.81}}
}
